app/build/intermediates/manifest_merge_blame_file/debug/processDebugMainManifest/manifest-merger-blame-debug-report.txt
1<?xml version="1.0" encoding="utf-8"?>
2<manifest xmlns:android="http://schemas.android.com/apk/res/android"
3    package="com.dive.weatherwatch"
4    android:versionCode="1"
5    android:versionName="1.0" >
6
7    <uses-sdk
8        android:minSdkVersion="30"
9        android:targetSdkVersion="34" />
10
11    <uses-feature android:name="android.hardware.type.watch" />
11-->src\main\AndroidManifest.xml:5:5-64
11-->src\main\AndroidManifest.xml:5:19-61
12
13    <uses-permission android:name="android.permission.WAKE_LOCK" />
13-->src\main\AndroidManifest.xml:7:5-68
13-->src\main\AndroidManifest.xml:7:22-65
14    <uses-permission android:name="android.permission.INTERNET" />
14-->src\main\AndroidManifest.xml:8:5-67
14-->src\main\AndroidManifest.xml:8:22-64
15    <uses-permission android:name="android.permission.ACCESS_FINE_LOCATION" />
15-->src\main\AndroidManifest.xml:9:5-79
15-->src\main\AndroidManifest.xml:9:22-76
16    <uses-permission android:name="android.permission.ACCESS_COARSE_LOCATION" />
16-->src\main\AndroidManifest.xml:10:5-81
16-->src\main\AndroidManifest.xml:10:22-78
17    <uses-permission android:name="android.permission.ACCESS_NETWORK_STATE" />
17-->src\main\AndroidManifest.xml:11:5-79
17-->src\main\AndroidManifest.xml:11:22-76
18    <uses-permission android:name="android.permission.BODY_SENSORS" />
18-->src\main\AndroidManifest.xml:12:5-71
18-->src\main\AndroidManifest.xml:12:22-68
19    <uses-permission android:name="android.permission.RECORD_AUDIO" />
19-->src\main\AndroidManifest.xml:13:5-71
19-->src\main\AndroidManifest.xml:13:22-68
20    <uses-permission android:name="android.permission.VIBRATE" />
20-->src\main\AndroidManifest.xml:14:5-66
20-->src\main\AndroidManifest.xml:14:22-63
21    <uses-permission android:name="android.permission.POST_NOTIFICATIONS" />
21-->src\main\AndroidManifest.xml:15:5-77
21-->src\main\AndroidManifest.xml:15:22-74
22    <uses-permission android:name="android.permission.SCHEDULE_EXACT_ALARM" />
22-->src\main\AndroidManifest.xml:16:5-79
22-->src\main\AndroidManifest.xml:16:22-76
23    <uses-permission android:name="android.permission.USE_EXACT_ALARM" />
23-->src\main\AndroidManifest.xml:17:5-74
23-->src\main\AndroidManifest.xml:17:22-71
24    <uses-permission android:name="android.permission.FOREGROUND_SERVICE" />
24-->src\main\AndroidManifest.xml:18:5-77
24-->src\main\AndroidManifest.xml:18:22-74
25    <uses-permission android:name="android.permission.FOREGROUND_SERVICE_LOCATION" />
25-->src\main\AndroidManifest.xml:19:5-86
25-->src\main\AndroidManifest.xml:19:22-83
26    <uses-permission android:name="android.permission.ACCESS_BACKGROUND_LOCATION" />
26-->src\main\AndroidManifest.xml:20:5-85
26-->src\main\AndroidManifest.xml:20:22-82
27    <uses-permission android:name="android.permission.RECEIVE_BOOT_COMPLETED" />
27-->[androidx.work:work-runtime:2.9.0] AndroidManifest.xml:25:5-81
27-->[androidx.work:work-runtime:2.9.0] AndroidManifest.xml:25:22-78
28
29    <permission
29-->[androidx.core:core:1.13.1] AndroidManifest.xml:22:5-24:47
30        android:name="com.dive.weatherwatch.DYNAMIC_RECEIVER_NOT_EXPORTED_PERMISSION"
30-->[androidx.core:core:1.13.1] AndroidManifest.xml:23:9-81
31        android:protectionLevel="signature" />
31-->[androidx.core:core:1.13.1] AndroidManifest.xml:24:9-44
32
33    <uses-permission android:name="com.dive.weatherwatch.DYNAMIC_RECEIVER_NOT_EXPORTED_PERMISSION" />
33-->[androidx.core:core:1.13.1] AndroidManifest.xml:26:5-97
33-->[androidx.core:core:1.13.1] AndroidManifest.xml:26:22-94
34
35    <application
35-->src\main\AndroidManifest.xml:22:5-63:19
36        android:allowBackup="true"
36-->src\main\AndroidManifest.xml:23:9-35
37        android:appComponentFactory="androidx.core.app.CoreComponentFactory"
37-->[androidx.core:core:1.13.1] AndroidManifest.xml:28:18-86
38        android:debuggable="true"
39        android:extractNativeLibs="false"
40        android:icon="@mipmap/logo_white"
40-->src\main\AndroidManifest.xml:24:9-42
41        android:label="@string/app_name"
41-->src\main\AndroidManifest.xml:26:9-41
42        android:networkSecurityConfig="@xml/network_security_config"
42-->src\main\AndroidManifest.xml:29:9-69
43        android:roundIcon="@mipmap/logo_white"
43-->src\main\AndroidManifest.xml:25:9-47
44        android:supportsRtl="true"
44-->src\main\AndroidManifest.xml:27:9-35
45        android:testOnly="true"
46        android:theme="@android:style/Theme.DeviceDefault" >
46-->src\main\AndroidManifest.xml:28:9-59
47        <uses-library
47-->src\main\AndroidManifest.xml:32:9-34:40
48            android:name="com.google.android.wearable"
48-->src\main\AndroidManifest.xml:33:13-55
49            android:required="false" />
49-->src\main\AndroidManifest.xml:34:13-37
50
51        <meta-data
51-->src\main\AndroidManifest.xml:36:9-38:36
52            android:name="com.google.android.wearable.standalone"
52-->src\main\AndroidManifest.xml:37:13-66
53            android:value="true" />
53-->src\main\AndroidManifest.xml:38:13-33
54
55        <activity
55-->src\main\AndroidManifest.xml:41:9-50:20
56            android:name="com.dive.weatherwatch.MainActivity"
56-->src\main\AndroidManifest.xml:42:13-41
57            android:exported="true"
57-->src\main\AndroidManifest.xml:43:13-36
58            android:label="@string/app_name"
58-->src\main\AndroidManifest.xml:44:13-45
59            android:theme="@android:style/Theme.DeviceDefault" >
59-->src\main\AndroidManifest.xml:45:13-63
60            <intent-filter>
60-->src\main\AndroidManifest.xml:46:13-49:29
61                <action android:name="android.intent.action.MAIN" />
61-->src\main\AndroidManifest.xml:47:17-69
61-->src\main\AndroidManifest.xml:47:25-66
62
63                <category android:name="android.intent.category.LAUNCHER" />
63-->src\main\AndroidManifest.xml:48:17-77
63-->src\main\AndroidManifest.xml:48:27-74
64            </intent-filter>
65        </activity>
66
67        <service
67-->src\main\AndroidManifest.xml:52:9-56:56
68            android:name="com.dive.weatherwatch.services.ClassNotificationService"
68-->src\main\AndroidManifest.xml:53:13-62
69            android:enabled="true"
69-->src\main\AndroidManifest.xml:54:13-35
70            android:exported="false"
70-->src\main\AndroidManifest.xml:55:13-37
71            android:foregroundServiceType="location" />
71-->src\main\AndroidManifest.xml:56:13-53
72
73        <receiver
73-->src\main\AndroidManifest.xml:58:9-61:40
74            android:name="com.dive.weatherwatch.services.ClassAlarmReceiver"
74-->src\main\AndroidManifest.xml:59:13-56
75            android:enabled="true"
75-->src\main\AndroidManifest.xml:60:13-35
76            android:exported="false" />
76-->src\main\AndroidManifest.xml:61:13-37
77
78        <uses-library
78-->[androidx.wear.compose:compose-foundation:1.4.0] AndroidManifest.xml:23:9-25:40
79            android:name="wear-sdk"
79-->[androidx.wear.compose:compose-foundation:1.4.0] AndroidManifest.xml:24:13-36
80            android:required="false" />
80-->[androidx.wear.compose:compose-foundation:1.4.0] AndroidManifest.xml:25:13-37
81
82        <provider
82-->[androidx.work:work-runtime:2.9.0] AndroidManifest.xml:29:9-37:20
83            android:name="androidx.startup.InitializationProvider"
83-->[androidx.work:work-runtime:2.9.0] AndroidManifest.xml:30:13-67
84            android:authorities="com.dive.weatherwatch.androidx-startup"
84-->[androidx.work:work-runtime:2.9.0] AndroidManifest.xml:31:13-68
85            android:exported="false" >
85-->[androidx.work:work-runtime:2.9.0] AndroidManifest.xml:32:13-37
86            <meta-data
86-->[androidx.work:work-runtime:2.9.0] AndroidManifest.xml:34:13-36:52
87                android:name="androidx.work.WorkManagerInitializer"
87-->[androidx.work:work-runtime:2.9.0] AndroidManifest.xml:35:17-68
88                android:value="androidx.startup" />
88-->[androidx.work:work-runtime:2.9.0] AndroidManifest.xml:36:17-49
89            <meta-data
89-->[androidx.emoji2:emoji2:1.3.0] AndroidManifest.xml:29:13-31:52
90                android:name="androidx.emoji2.text.EmojiCompatInitializer"
90-->[androidx.emoji2:emoji2:1.3.0] AndroidManifest.xml:30:17-75
91                android:value="androidx.startup" />
91-->[androidx.emoji2:emoji2:1.3.0] AndroidManifest.xml:31:17-49
92            <meta-data
92-->[androidx.lifecycle:lifecycle-process:2.8.4] AndroidManifest.xml:29:13-31:52
93                android:name="androidx.lifecycle.ProcessLifecycleInitializer"
93-->[androidx.lifecycle:lifecycle-process:2.8.4] AndroidManifest.xml:30:17-78
94                android:value="androidx.startup" />
94-->[androidx.lifecycle:lifecycle-process:2.8.4] AndroidManifest.xml:31:17-49
95            <meta-data
95-->[androidx.profileinstaller:profileinstaller:1.3.1] AndroidManifest.xml:29:13-31:52
96                android:name="androidx.profileinstaller.ProfileInstallerInitializer"
96-->[androidx.profileinstaller:profileinstaller:1.3.1] AndroidManifest.xml:30:17-85
97                android:value="androidx.startup" />
97-->[androidx.profileinstaller:profileinstaller:1.3.1] AndroidManifest.xml:31:17-49
98        </provider>
99
100        <service
100-->[androidx.work:work-runtime:2.9.0] AndroidManifest.xml:39:9-45:35
101            android:name="androidx.work.impl.background.systemalarm.SystemAlarmService"
101-->[androidx.work:work-runtime:2.9.0] AndroidManifest.xml:40:13-88
102            android:directBootAware="false"
102-->[androidx.work:work-runtime:2.9.0] AndroidManifest.xml:41:13-44
103            android:enabled="@bool/enable_system_alarm_service_default"
103-->[androidx.work:work-runtime:2.9.0] AndroidManifest.xml:42:13-72
104            android:exported="false" />
104-->[androidx.work:work-runtime:2.9.0] AndroidManifest.xml:43:13-37
105        <service
105-->[androidx.work:work-runtime:2.9.0] AndroidManifest.xml:46:9-52:35
106            android:name="androidx.work.impl.background.systemjob.SystemJobService"
106-->[androidx.work:work-runtime:2.9.0] AndroidManifest.xml:47:13-84
107            android:directBootAware="false"
107-->[androidx.work:work-runtime:2.9.0] AndroidManifest.xml:48:13-44
108            android:enabled="@bool/enable_system_job_service_default"
108-->[androidx.work:work-runtime:2.9.0] AndroidManifest.xml:49:13-70
109            android:exported="true"
109-->[androidx.work:work-runtime:2.9.0] AndroidManifest.xml:50:13-36
110            android:permission="android.permission.BIND_JOB_SERVICE" />
110-->[androidx.work:work-runtime:2.9.0] AndroidManifest.xml:51:13-69
111        <service
111-->[androidx.work:work-runtime:2.9.0] AndroidManifest.xml:53:9-59:35
112            android:name="androidx.work.impl.foreground.SystemForegroundService"
112-->[androidx.work:work-runtime:2.9.0] AndroidManifest.xml:54:13-81
113            android:directBootAware="false"
113-->[androidx.work:work-runtime:2.9.0] AndroidManifest.xml:55:13-44
114            android:enabled="@bool/enable_system_foreground_service_default"
114-->[androidx.work:work-runtime:2.9.0] AndroidManifest.xml:56:13-77
115            android:exported="false" />
115-->[androidx.work:work-runtime:2.9.0] AndroidManifest.xml:57:13-37
116
117        <receiver
117-->[androidx.work:work-runtime:2.9.0] AndroidManifest.xml:61:9-66:35
118            android:name="androidx.work.impl.utils.ForceStopRunnable$BroadcastReceiver"
118-->[androidx.work:work-runtime:2.9.0] AndroidManifest.xml:62:13-88
119            android:directBootAware="false"
119-->[androidx.work:work-runtime:2.9.0] AndroidManifest.xml:63:13-44
120            android:enabled="true"
120-->[androidx.work:work-runtime:2.9.0] AndroidManifest.xml:64:13-35
121            android:exported="false" />
121-->[androidx.work:work-runtime:2.9.0] AndroidManifest.xml:65:13-37
122        <receiver
122-->[androidx.work:work-runtime:2.9.0] AndroidManifest.xml:67:9-77:20
123            android:name="androidx.work.impl.background.systemalarm.ConstraintProxy$BatteryChargingProxy"
123-->[androidx.work:work-runtime:2.9.0] AndroidManifest.xml:68:13-106
124            android:directBootAware="false"
124-->[androidx.work:work-runtime:2.9.0] AndroidManifest.xml:69:13-44
125            android:enabled="false"
125-->[androidx.work:work-runtime:2.9.0] AndroidManifest.xml:70:13-36
126            android:exported="false" >
126-->[androidx.work:work-runtime:2.9.0] AndroidManifest.xml:71:13-37
127            <intent-filter>
127-->[androidx.work:work-runtime:2.9.0] AndroidManifest.xml:73:13-76:29
128                <action android:name="android.intent.action.ACTION_POWER_CONNECTED" />
128-->[androidx.work:work-runtime:2.9.0] AndroidManifest.xml:74:17-87
128-->[androidx.work:work-runtime:2.9.0] AndroidManifest.xml:74:25-84
129                <action android:name="android.intent.action.ACTION_POWER_DISCONNECTED" />
129-->[androidx.work:work-runtime:2.9.0] AndroidManifest.xml:75:17-90
129-->[androidx.work:work-runtime:2.9.0] AndroidManifest.xml:75:25-87
130            </intent-filter>
131        </receiver>
132        <receiver
132-->[androidx.work:work-runtime:2.9.0] AndroidManifest.xml:78:9-88:20
133            android:name="androidx.work.impl.background.systemalarm.ConstraintProxy$BatteryNotLowProxy"
133-->[androidx.work:work-runtime:2.9.0] AndroidManifest.xml:79:13-104
134            android:directBootAware="false"
134-->[androidx.work:work-runtime:2.9.0] AndroidManifest.xml:80:13-44
135            android:enabled="false"
135-->[androidx.work:work-runtime:2.9.0] AndroidManifest.xml:81:13-36
136            android:exported="false" >
136-->[androidx.work:work-runtime:2.9.0] AndroidManifest.xml:82:13-37
137            <intent-filter>
137-->[androidx.work:work-runtime:2.9.0] AndroidManifest.xml:84:13-87:29
138                <action android:name="android.intent.action.BATTERY_OKAY" />
138-->[androidx.work:work-runtime:2.9.0] AndroidManifest.xml:85:17-77
138-->[androidx.work:work-runtime:2.9.0] AndroidManifest.xml:85:25-74
139                <action android:name="android.intent.action.BATTERY_LOW" />
139-->[androidx.work:work-runtime:2.9.0] AndroidManifest.xml:86:17-76
139-->[androidx.work:work-runtime:2.9.0] AndroidManifest.xml:86:25-73
140            </intent-filter>
141        </receiver>
142        <receiver
142-->[androidx.work:work-runtime:2.9.0] AndroidManifest.xml:89:9-99:20
143            android:name="androidx.work.impl.background.systemalarm.ConstraintProxy$StorageNotLowProxy"
143-->[androidx.work:work-runtime:2.9.0] AndroidManifest.xml:90:13-104
144            android:directBootAware="false"
144-->[androidx.work:work-runtime:2.9.0] AndroidManifest.xml:91:13-44
145            android:enabled="false"
145-->[androidx.work:work-runtime:2.9.0] AndroidManifest.xml:92:13-36
146            android:exported="false" >
146-->[androidx.work:work-runtime:2.9.0] AndroidManifest.xml:93:13-37
147            <intent-filter>
147-->[androidx.work:work-runtime:2.9.0] AndroidManifest.xml:95:13-98:29
148                <action android:name="android.intent.action.DEVICE_STORAGE_LOW" />
148-->[androidx.work:work-runtime:2.9.0] AndroidManifest.xml:96:17-83
148-->[androidx.work:work-runtime:2.9.0] AndroidManifest.xml:96:25-80
149                <action android:name="android.intent.action.DEVICE_STORAGE_OK" />
149-->[androidx.work:work-runtime:2.9.0] AndroidManifest.xml:97:17-82
149-->[androidx.work:work-runtime:2.9.0] AndroidManifest.xml:97:25-79
150            </intent-filter>
151        </receiver>
152        <receiver
152-->[androidx.work:work-runtime:2.9.0] AndroidManifest.xml:100:9-109:20
153            android:name="androidx.work.impl.background.systemalarm.ConstraintProxy$NetworkStateProxy"
153-->[androidx.work:work-runtime:2.9.0] AndroidManifest.xml:101:13-103
154            android:directBootAware="false"
154-->[androidx.work:work-runtime:2.9.0] AndroidManifest.xml:102:13-44
155            android:enabled="false"
155-->[androidx.work:work-runtime:2.9.0] AndroidManifest.xml:103:13-36
156            android:exported="false" >
156-->[androidx.work:work-runtime:2.9.0] AndroidManifest.xml:104:13-37
157            <intent-filter>
157-->[androidx.work:work-runtime:2.9.0] AndroidManifest.xml:106:13-108:29
158                <action android:name="android.net.conn.CONNECTIVITY_CHANGE" />
158-->[androidx.work:work-runtime:2.9.0] AndroidManifest.xml:107:17-79
158-->[androidx.work:work-runtime:2.9.0] AndroidManifest.xml:107:25-76
159            </intent-filter>
160        </receiver>
161        <receiver
161-->[androidx.work:work-runtime:2.9.0] AndroidManifest.xml:110:9-121:20
162            android:name="androidx.work.impl.background.systemalarm.RescheduleReceiver"
162-->[androidx.work:work-runtime:2.9.0] AndroidManifest.xml:111:13-88
163            android:directBootAware="false"
163-->[androidx.work:work-runtime:2.9.0] AndroidManifest.xml:112:13-44
164            android:enabled="false"
164-->[androidx.work:work-runtime:2.9.0] AndroidManifest.xml:113:13-36
165            android:exported="false" >
165-->[androidx.work:work-runtime:2.9.0] AndroidManifest.xml:114:13-37
166            <intent-filter>
166-->[androidx.work:work-runtime:2.9.0] AndroidManifest.xml:116:13-120:29
167                <action android:name="android.intent.action.BOOT_COMPLETED" />
167-->[androidx.work:work-runtime:2.9.0] AndroidManifest.xml:117:17-79
167-->[androidx.work:work-runtime:2.9.0] AndroidManifest.xml:117:25-76
168                <action android:name="android.intent.action.TIME_SET" />
168-->[androidx.work:work-runtime:2.9.0] AndroidManifest.xml:118:17-73
168-->[androidx.work:work-runtime:2.9.0] AndroidManifest.xml:118:25-70
169                <action android:name="android.intent.action.TIMEZONE_CHANGED" />
169-->[androidx.work:work-runtime:2.9.0] AndroidManifest.xml:119:17-81
169-->[androidx.work:work-runtime:2.9.0] AndroidManifest.xml:119:25-78
170            </intent-filter>
171        </receiver>
172        <receiver
172-->[androidx.work:work-runtime:2.9.0] AndroidManifest.xml:122:9-131:20
173            android:name="androidx.work.impl.background.systemalarm.ConstraintProxyUpdateReceiver"
173-->[androidx.work:work-runtime:2.9.0] AndroidManifest.xml:123:13-99
174            android:directBootAware="false"
174-->[androidx.work:work-runtime:2.9.0] AndroidManifest.xml:124:13-44
175            android:enabled="@bool/enable_system_alarm_service_default"
175-->[androidx.work:work-runtime:2.9.0] AndroidManifest.xml:125:13-72
176            android:exported="false" >
176-->[androidx.work:work-runtime:2.9.0] AndroidManifest.xml:126:13-37
177            <intent-filter>
177-->[androidx.work:work-runtime:2.9.0] AndroidManifest.xml:128:13-130:29
178                <action android:name="androidx.work.impl.background.systemalarm.UpdateProxies" />
178-->[androidx.work:work-runtime:2.9.0] AndroidManifest.xml:129:17-98
178-->[androidx.work:work-runtime:2.9.0] AndroidManifest.xml:129:25-95
179            </intent-filter>
180        </receiver>
181        <receiver
181-->[androidx.work:work-runtime:2.9.0] AndroidManifest.xml:132:9-142:20
182            android:name="androidx.work.impl.diagnostics.DiagnosticsReceiver"
182-->[androidx.work:work-runtime:2.9.0] AndroidManifest.xml:133:13-78
183            android:directBootAware="false"
183-->[androidx.work:work-runtime:2.9.0] AndroidManifest.xml:134:13-44
184            android:enabled="true"
184-->[androidx.work:work-runtime:2.9.0] AndroidManifest.xml:135:13-35
185            android:exported="true"
185-->[androidx.work:work-runtime:2.9.0] AndroidManifest.xml:136:13-36
186            android:permission="android.permission.DUMP" >
186-->[androidx.work:work-runtime:2.9.0] AndroidManifest.xml:137:13-57
187            <intent-filter>
187-->[androidx.work:work-runtime:2.9.0] AndroidManifest.xml:139:13-141:29
188                <action android:name="androidx.work.diagnostics.REQUEST_DIAGNOSTICS" />
188-->[androidx.work:work-runtime:2.9.0] AndroidManifest.xml:140:17-88
188-->[androidx.work:work-runtime:2.9.0] AndroidManifest.xml:140:25-85
189            </intent-filter>
190        </receiver>
191
192        <activity
192-->[com.google.android.gms:play-services-base:18.1.0] AndroidManifest.xml:20:9-22:45
193            android:name="com.google.android.gms.common.api.GoogleApiActivity"
193-->[com.google.android.gms:play-services-base:18.1.0] AndroidManifest.xml:20:19-85
194            android:exported="false"
194-->[com.google.android.gms:play-services-base:18.1.0] AndroidManifest.xml:22:19-43
195            android:theme="@android:style/Theme.Translucent.NoTitleBar" />
195-->[com.google.android.gms:play-services-base:18.1.0] AndroidManifest.xml:21:19-78
196        <activity
196-->[androidx.compose.ui:ui-tooling-android:1.7.0] AndroidManifest.xml:23:9-25:39
197            android:name="androidx.compose.ui.tooling.PreviewActivity"
197-->[androidx.compose.ui:ui-tooling-android:1.7.0] AndroidManifest.xml:24:13-71
198            android:exported="true" />
198-->[androidx.compose.ui:ui-tooling-android:1.7.0] AndroidManifest.xml:25:13-36
199
200        <receiver
200-->[androidx.profileinstaller:profileinstaller:1.3.1] AndroidManifest.xml:34:9-52:20
201            android:name="androidx.profileinstaller.ProfileInstallReceiver"
201-->[androidx.profileinstaller:profileinstaller:1.3.1] AndroidManifest.xml:35:13-76
202            android:directBootAware="false"
202-->[androidx.profileinstaller:profileinstaller:1.3.1] AndroidManifest.xml:36:13-44
203            android:enabled="true"
203-->[androidx.profileinstaller:profileinstaller:1.3.1] AndroidManifest.xml:37:13-35
204            android:exported="true"
204-->[androidx.profileinstaller:profileinstaller:1.3.1] AndroidManifest.xml:38:13-36
205            android:permission="android.permission.DUMP" >
205-->[androidx.profileinstaller:profileinstaller:1.3.1] AndroidManifest.xml:39:13-57
206            <intent-filter>
206-->[androidx.profileinstaller:profileinstaller:1.3.1] AndroidManifest.xml:40:13-42:29
207                <action android:name="androidx.profileinstaller.action.INSTALL_PROFILE" />
207-->[androidx.profileinstaller:profileinstaller:1.3.1] AndroidManifest.xml:41:17-91
207-->[androidx.profileinstaller:profileinstaller:1.3.1] AndroidManifest.xml:41:25-88
208            </intent-filter>
209            <intent-filter>
209-->[androidx.profileinstaller:profileinstaller:1.3.1] AndroidManifest.xml:43:13-45:29
210                <action android:name="androidx.profileinstaller.action.SKIP_FILE" />
210-->[androidx.profileinstaller:profileinstaller:1.3.1] AndroidManifest.xml:44:17-85
210-->[androidx.profileinstaller:profileinstaller:1.3.1] AndroidManifest.xml:44:25-82
211            </intent-filter>
212            <intent-filter>
212-->[androidx.profileinstaller:profileinstaller:1.3.1] AndroidManifest.xml:46:13-48:29
213                <action android:name="androidx.profileinstaller.action.SAVE_PROFILE" />
213-->[androidx.profileinstaller:profileinstaller:1.3.1] AndroidManifest.xml:47:17-88
213-->[androidx.profileinstaller:profileinstaller:1.3.1] AndroidManifest.xml:47:25-85
214            </intent-filter>
215            <intent-filter>
215-->[androidx.profileinstaller:profileinstaller:1.3.1] AndroidManifest.xml:49:13-51:29
216                <action android:name="androidx.profileinstaller.action.BENCHMARK_OPERATION" />
216-->[androidx.profileinstaller:profileinstaller:1.3.1] AndroidManifest.xml:50:17-95
216-->[androidx.profileinstaller:profileinstaller:1.3.1] AndroidManifest.xml:50:25-92
217            </intent-filter>
218        </receiver>
219
220        <meta-data
220-->[com.google.android.gms:play-services-basement:18.1.0] AndroidManifest.xml:21:9-23:69
221            android:name="com.google.android.gms.version"
221-->[com.google.android.gms:play-services-basement:18.1.0] AndroidManifest.xml:22:13-58
222            android:value="@integer/google_play_services_version" />
222-->[com.google.android.gms:play-services-basement:18.1.0] AndroidManifest.xml:23:13-66
223
224        <activity
224-->[androidx.compose.ui:ui-test-manifest:1.7.0] AndroidManifest.xml:23:9-25:39
225            android:name="androidx.activity.ComponentActivity"
225-->[androidx.compose.ui:ui-test-manifest:1.7.0] AndroidManifest.xml:24:13-63
226            android:exported="true" />
226-->[androidx.compose.ui:ui-test-manifest:1.7.0] AndroidManifest.xml:25:13-36
227
228        <service
228-->[androidx.room:room-runtime:2.5.0] AndroidManifest.xml:24:9-28:63
229            android:name="androidx.room.MultiInstanceInvalidationService"
229-->[androidx.room:room-runtime:2.5.0] AndroidManifest.xml:25:13-74
230            android:directBootAware="true"
230-->[androidx.room:room-runtime:2.5.0] AndroidManifest.xml:26:13-43
231            android:exported="false" />
231-->[androidx.room:room-runtime:2.5.0] AndroidManifest.xml:27:13-37
232    </application>
233
234</manifest>